生成启动时间为 2019/3/4 13:07:40。
     1>项目“F:\vs2013\C++project\OpenGL\OpenGL\OpenGL.vcxproj”在节点 2 上(Build 个目标)。
     1>ClCompile:
         C:\Program Files (x86)\Microsoft Visual Studio 12.0\VC\bin\CL.exe /c /ZI /nologo /W3 /WX- /sdl /Od /Oy- /D WIN32 /D _DEBUG /D _CONSOLE /D _LIB /D _UNICODE /D UNICODE /Gm /EHsc /RTC1 /MDd /GS /fp:precise /Zc:wchar_t /Zc:forScope /Fo"Debug\\" /Fd"Debug\vc120.pdb" /Gd /TP /analyze- /errorReport:prompt skybox.cpp
         skybox.cpp
     1>f:\vs2013\c++project\opengl\opengl\skybox.cpp(224): warning C4244: “初始化”: 从“double”转换到“GLfloat”，可能丢失数据
     1>f:\vs2013\c++project\opengl\opengl\skybox.cpp(383): warning C4244: “=”: 从“double”转换到“GLfloat”，可能丢失数据
     1>f:\vs2013\c++project\opengl\opengl\skybox.cpp(384): warning C4244: “=”: 从“double”转换到“GLfloat”，可能丢失数据
     1>f:\vs2013\c++project\opengl\opengl\skybox.cpp(388): warning C4244: “初始化”: 从“double”转换到“GLfloat”，可能丢失数据
     1>f:\vs2013\c++project\opengl\opengl\skybox.cpp(389): warning C4244: “初始化”: 从“double”转换到“GLfloat”，可能丢失数据
     1>f:\vs2013\c++project\opengl\opengl\skybox.cpp(391): warning C4244: “=”: 从“double”转换到“GLfloat”，可能丢失数据
     1>f:\vs2013\c++project\opengl\opengl\skybox.cpp(392): warning C4244: “=”: 从“double”转换到“GLfloat”，可能丢失数据
     1>f:\vs2013\c++project\opengl\opengl\skybox.cpp(399): warning C4244: “参数”: 从“double”转换到“GLfloat”，可能丢失数据
       Link:
         C:\Program Files (x86)\Microsoft Visual Studio 12.0\VC\bin\link.exe /ERRORREPORT:PROMPT /OUT:"F:\vs2013\C++project\OpenGL\Debug\OpenGL.exe" /INCREMENTAL /NOLOGO /LIBPATH:F:\learnopengl\OpenGL\libs opengl32.Lib glfw3.lib glew32sd.lib SOIL.lib assimp.lib freeglut.lib kernel32.lib user32.lib gdi32.lib winspool.lib comdlg32.lib advapi32.lib shell32.lib ole32.lib oleaut32.lib uuid.lib odbc32.lib odbccp32.lib /MANIFEST /MANIFESTUAC:"level='asInvoker' uiAccess='false'" /manifest:embed /DEBUG /PDB:"F:\vs2013\C++project\OpenGL\Debug\OpenGL.pdb" /SUBSYSTEM:CONSOLE /TLBID:1 /DYNAMICBASE /NXCOMPAT /IMPLIB:"F:\vs2013\C++project\OpenGL\Debug\OpenGL.lib" /MACHINE:X86 Debug\skybox.obj
     1>LINK : warning LNK4098: 默认库“MSVCRT”与其他库的使用冲突；请使用 /NODEFAULTLIB:library
         OpenGL.vcxproj -> F:\vs2013\C++project\OpenGL\Debug\OpenGL.exe
     1>已完成生成项目“F:\vs2013\C++project\OpenGL\OpenGL\OpenGL.vcxproj”(Build 个目标)的操作。

生成成功。

已用时间 00:00:02.01
